<?xml version="1.0" encoding="UTF-8"?>
<testsuite xmlns:xsi="http://www.w3.org/2001/XMLSchema-instance" xsi:noNamespaceSchemaLocation="https://maven.apache.org/surefire/maven-surefire-plugin/xsd/surefire-test-report.xsd" version="3.0.2" name="com.example.school_test.SchoolTestApplicationTests" time="3.262" tests="1" errors="0" skipped="0" failures="0">
  <properties>
[...]
</properties>
  <testcase name="contextLoads" classname="com.example.school_test.SchoolTestApplicationTests" time="0.517">
    <system-out><![CDATA[07:43:10.927 [main] INFO org.springframework.test.context.support.AnnotationConfigContextLoaderUtils -- Could not detect default configuration classes for test class [com.example.school_test.SchoolTestApplicationTests]: SchoolTestApplicationTests does not declare any static, non-private, non-final, nested classes annotated with @Configuration.
07:43:11.017 [main] INFO org.springframework.boot.test.context.SpringBootTestContextBootstrapper -- Found @SpringBootConfiguration com.example.school_test.SchoolTestApplication for test class com.example.school_test.SchoolTestApplicationTests
07:43:11.151 [main] INFO org.springframework.boot.devtools.restart.RestartApplicationListener -- Restart disabled due to context in which it is running

  .   ____          _            __ _ _
 /\\ / ___'_ __ _ _(_)_ __  __ _ \ \ \ \
( ( )\___ | '_ | '_| | '_ \/ _` | \ \ \ \
 \\/  ___)| |_)| | | | | || (_| |  ) ) ) )
  '  |____| .__|_| |_|_| |_\__, | / / / /
 =========|_|==============|___/=/_/_/_/

 :: Spring Boot ::                (v3.5.0)

2025-06-03T07:43:11.406+03:00  INFO 21548 --- [school-test] [           main] c.e.s.SchoolTestApplicationTests         : Starting SchoolTestApplicationTests using Java 21.0.6 with PID 21548 (started by story in C:\dev\brdo\school-test-back)
2025-06-03T07:43:11.407+03:00  INFO 21548 --- [school-test] [           main] c.e.s.SchoolTestApplicationTests         : No active profile set, falling back to 1 default profile: "default"
2025-06-03T07:43:12.004+03:00  INFO 21548 --- [school-test] [           main] .s.d.r.c.RepositoryConfigurationDelegate : Multiple Spring Data modules found, entering strict repository configuration mode
2025-06-03T07:43:12.005+03:00  INFO 21548 --- [school-test] [           main] .s.d.r.c.RepositoryConfigurationDelegate : Bootstrapping Spring Data MongoDB repositories in DEFAULT mode.
2025-06-03T07:43:12.052+03:00  INFO 21548 --- [school-test] [           main] .s.d.r.c.RepositoryConfigurationDelegate : Finished Spring Data repository scanning in 40 ms. Found 2 MongoDB repository interfaces.
2025-06-03T07:43:12.422+03:00  INFO 21548 --- [school-test] [           main] org.mongodb.driver.client                : MongoClient with metadata {"application": {"name": "Cluster0"}, "driver": {"name": "mongo-java-driver|sync|spring-boot", "version": "5.4.0"}, "os": {"type": "Windows", "name": "Windows 10", "architecture": "amd64", "version": "10.0"}, "platform": "Java/Eclipse Adoptium/21.0.6+7-LTS"} created with settings MongoClientSettings{readPreference=primary, writeConcern=WriteConcern{w=majority, wTimeout=null ms, journal=null}, retryWrites=true, retryReads=true, readConcern=ReadConcern{level=null}, credential=MongoCredential{mechanism=null, userName='admin', source='admin', password=<hidden>, mechanismProperties=<hidden>}, transportSettings=null, commandListeners=[], codecRegistry=ProvidersCodecRegistry{codecProviders=[ValueCodecProvider{}, BsonValueCodecProvider{}, DBRefCodecProvider{}, DBObjectCodecProvider{}, DocumentCodecProvider{}, CollectionCodecProvider{}, IterableCodecProvider{}, MapCodecProvider{}, GeoJsonCodecProvider{}, GridFSFileCodecProvider{}, Jsr310CodecProvider{}, JsonObjectCodecProvider{}, BsonCodecProvider{}, EnumCodecProvider{}, com.mongodb.client.model.mql.ExpressionCodecProvider@550e9be6, com.mongodb.Jep395RecordCodecProvider@3f96f020, com.mongodb.KotlinCodecProvider@32eae6f2]}, loggerSettings=LoggerSettings{maxDocumentLength=1000}, clusterSettings={hosts=[127.0.0.1:27017], srvHost=cluster0.t8tcjd6.mongodb.net, srvServiceName=mongodb, mode=MULTIPLE, requiredClusterType=REPLICA_SET, requiredReplicaSetName='atlas-13b841-shard-0', serverSelector='null', clusterListeners='[]', serverSelectionTimeout='30000 ms', localThreshold='15 ms'}, socketSettings=SocketSettings{connectTimeoutMS=10000, readTimeoutMS=0, receiveBufferSize=0, proxySettings=ProxySettings{host=null, port=null, username=null, password=null}}, heartbeatSocketSettings=SocketSettings{connectTimeoutMS=10000, readTimeoutMS=10000, receiveBufferSize=0, proxySettings=ProxySettings{host=null, port=null, username=null, password=null}}, connectionPoolSettings=ConnectionPoolSettings{maxSize=100, minSize=0, maxWaitTimeMS=120000, maxConnectionLifeTimeMS=0, maxConnectionIdleTimeMS=0, maintenanceInitialDelayMS=0, maintenanceFrequencyMS=60000, connectionPoolListeners=[], maxConnecting=2}, serverSettings=ServerSettings{heartbeatFrequencyMS=10000, minHeartbeatFrequencyMS=500, serverMonitoringMode=AUTO, serverListeners='[]', serverMonitorListeners='[]'}, sslSettings=SslSettings{enabled=true, invalidHostNameAllowed=false, context=null}, applicationName='Cluster0', compressorList=[], uuidRepresentation=JAVA_LEGACY, serverApi=null, autoEncryptionSettings=null, dnsClient=null, inetAddressResolver=null, contextProvider=null, timeoutMS=null}
2025-06-03T07:43:12.434+03:00  INFO 21548 --- [school-test] [jd6.mongodb.net] org.mongodb.driver.cluster               : Adding discovered server ac-8a5axer-shard-00-00.t8tcjd6.mongodb.net:27017 to client view of cluster
2025-06-03T07:43:12.453+03:00  INFO 21548 --- [school-test] [jd6.mongodb.net] org.mongodb.driver.cluster               : Adding discovered server ac-8a5axer-shard-00-01.t8tcjd6.mongodb.net:27017 to client view of cluster
2025-06-03T07:43:12.455+03:00  INFO 21548 --- [school-test] [jd6.mongodb.net] org.mongodb.driver.cluster               : Adding discovered server ac-8a5axer-shard-00-02.t8tcjd6.mongodb.net:27017 to client view of cluster
2025-06-03T07:43:12.550+03:00  WARN 21548 --- [school-test] [           main] o.s.data.convert.CustomConversions       : Registering converter from interface java.util.List to interface org.springframework.data.domain.Vector as reading converter although it doesn't convert from a store-supported type; You might want to check your annotation setup at the converter implementation
2025-06-03T07:43:12.643+03:00  WARN 21548 --- [school-test] [           main] o.s.data.convert.CustomConversions       : Registering converter from interface java.util.List to interface org.springframework.data.domain.Vector as reading converter although it doesn't convert from a store-supported type; You might want to check your annotation setup at the converter implementation
2025-06-03T07:43:12.940+03:00  INFO 21548 --- [school-test] [ngodb.net:27017] org.mongodb.driver.cluster               : Monitor thread successfully connected to server with description ServerDescription{address=ac-8a5axer-shard-00-01.t8tcjd6.mongodb.net:27017, type=REPLICA_SET_PRIMARY, cryptd=false, state=CONNECTED, ok=true, minWireVersion=0, maxWireVersion=25, maxDocumentSize=16777216, logicalSessionTimeoutMinutes=30, roundTripTimeNanos=305266900, minRoundTripTimeNanos=0, setName='atlas-13b841-shard-0', canonicalAddress=ac-8a5axer-shard-00-01.t8tcjd6.mongodb.net:27017, hosts=[ac-8a5axer-shard-00-01.t8tcjd6.mongodb.net:27017, ac-8a5axer-shard-00-02.t8tcjd6.mongodb.net:27017, ac-8a5axer-shard-00-00.t8tcjd6.mongodb.net:27017], passives=[], arbiters=[], primary='ac-8a5axer-shard-00-01.t8tcjd6.mongodb.net:27017', tagSet=TagSet{[Tag{name='availabilityZone', value='eun1-az2'}, Tag{name='diskState', value='READY'}, Tag{name='nodeType', value='ELECTABLE'}, Tag{name='provider', value='AWS'}, Tag{name='region', value='EU_NORTH_1'}, Tag{name='workloadType', value='OPERATIONAL'}]}, electionId=7fffffff0000000000000041, setVersion=29, topologyVersion=TopologyVersion{processId=682c917c3d78bc3b91cdb585, counter=6}, lastWriteDate=Tue Jun 03 07:43:12 EEST 2025, lastUpdateTimeNanos=42709866638400}
2025-06-03T07:43:12.940+03:00  INFO 21548 --- [school-test] [ngodb.net:27017] org.mongodb.driver.cluster               : Monitor thread successfully connected to server with description ServerDescription{address=ac-8a5axer-shard-00-00.t8tcjd6.mongodb.net:27017, type=REPLICA_SET_SECONDARY, cryptd=false, state=CONNECTED, ok=true, minWireVersion=0, maxWireVersion=25, maxDocumentSize=16777216, logicalSessionTimeoutMinutes=30, roundTripTimeNanos=308459900, minRoundTripTimeNanos=0, setName='atlas-13b841-shard-0', canonicalAddress=ac-8a5axer-shard-00-00.t8tcjd6.mongodb.net:27017, hosts=[ac-8a5axer-shard-00-01.t8tcjd6.mongodb.net:27017, ac-8a5axer-shard-00-02.t8tcjd6.mongodb.net:27017, ac-8a5axer-shard-00-00.t8tcjd6.mongodb.net:27017], passives=[], arbiters=[], primary='ac-8a5axer-shard-00-01.t8tcjd6.mongodb.net:27017', tagSet=TagSet{[Tag{name='availabilityZone', value='eun1-az1'}, Tag{name='diskState', value='READY'}, Tag{name='nodeType', value='ELECTABLE'}, Tag{name='provider', value='AWS'}, Tag{name='region', value='EU_NORTH_1'}, Tag{name='workloadType', value='OPERATIONAL'}]}, electionId=null, setVersion=29, topologyVersion=TopologyVersion{processId=682c8f0957c5231c1dc80eab, counter=4}, lastWriteDate=Tue Jun 03 07:43:12 EEST 2025, lastUpdateTimeNanos=42709866638700}
2025-06-03T07:43:12.940+03:00  INFO 21548 --- [school-test] [ngodb.net:27017] org.mongodb.driver.cluster               : Monitor thread successfully connected to server with description ServerDescription{address=ac-8a5axer-shard-00-02.t8tcjd6.mongodb.net:27017, type=REPLICA_SET_SECONDARY, cryptd=false, state=CONNECTED, ok=true, minWireVersion=0, maxWireVersion=25, maxDocumentSize=16777216, logicalSessionTimeoutMinutes=30, roundTripTimeNanos=308459500, minRoundTripTimeNanos=0, setName='atlas-13b841-shard-0', canonicalAddress=ac-8a5axer-shard-00-02.t8tcjd6.mongodb.net:27017, hosts=[ac-8a5axer-shard-00-01.t8tcjd6.mongodb.net:27017, ac-8a5axer-shard-00-02.t8tcjd6.mongodb.net:27017, ac-8a5axer-shard-00-00.t8tcjd6.mongodb.net:27017], passives=[], arbiters=[], primary='ac-8a5axer-shard-00-01.t8tcjd6.mongodb.net:27017', tagSet=TagSet{[Tag{name='availabilityZone', value='eun1-az3'}, Tag{name='diskState', value='READY'}, Tag{name='nodeType', value='ELECTABLE'}, Tag{name='provider', value='AWS'}, Tag{name='region', value='EU_NORTH_1'}, Tag{name='workloadType', value='OPERATIONAL'}]}, electionId=null, setVersion=29, topologyVersion=TopologyVersion{processId=682c940dffbcc12cd9b4c19a, counter=3}, lastWriteDate=Tue Jun 03 07:43:12 EEST 2025, lastUpdateTimeNanos=42709866638400}
2025-06-03T07:43:12.943+03:00  INFO 21548 --- [school-test] [ngodb.net:27017] org.mongodb.driver.cluster               : Discovered replica set primary ac-8a5axer-shard-00-01.t8tcjd6.mongodb.net:27017 with max election id 7fffffff0000000000000041 and max set version 29
2025-06-03T07:43:13.185+03:00  INFO 21548 --- [school-test] [           main] c.e.s.SchoolTestApplicationTests         : Started SchoolTestApplicationTests in 2.044 seconds (process running for 2.809)
]]></system-out>
    <system-err><![CDATA[Mockito is currently self-attaching to enable the inline-mock-maker. This will no longer work in future releases of the JDK. Please add Mockito as an agent to your build as described in Mockito's documentation: https://javadoc.io/doc/org.mockito/mockito-core/latest/org.mockito/org/mockito/Mockito.html#0.3
WARNING: A Java agent has been loaded dynamically (C:\Users\story\.m2\repository\net\bytebuddy\byte-buddy-agent\1.17.5\byte-buddy-agent-1.17.5.jar)
WARNING: If a serviceability tool is in use, please run with -XX:+EnableDynamicAgentLoading to hide this warning
WARNING: If a serviceability tool is not in use, please run with -Djdk.instrument.traceUsage for more information
WARNING: Dynamic loading of agents will be disallowed by default in a future release
]]></system-err>
  </testcase>
</testsuite>